#
# There is insufficient memory for the Java Runtime Environment to continue.
# Native memory allocation (malloc) failed to allocate 1048576 bytes for AllocateHeap
# Possible reasons:
#   The system is out of physical RAM or swap space
#   In 32 bit mode, the process size limit was hit
# Possible solutions:
#   Reduce memory load on the system
#   Increase physical memory or swap space
#   Check if swap backing store is full
#   Use 64 bit Java on a 64 bit OS
#   Decrease Java heap size (-Xmx/-Xms)
#   Decrease number of Java threads
#   Decrease Java thread stack sizes (-Xss)
#   Set larger code cache with -XX:ReservedCodeCacheSize=
# This output file may be truncated or incomplete.
#
#  Out of Memory Error (memory/allocation.inline.hpp:61), pid=5364, tid=7328
#
# JRE version:  (8.0_65-b17) (build )
# Java VM: Java HotSpot(TM) 64-Bit Server VM (25.65-b01 mixed mode windows-amd64 compressed oops)
# Failed to write core dump. Minidumps are not enabled by default on client versions of Windows
#

---------------  T H R E A D  ---------------

Current thread (0x0000000002a0e000):  JavaThread "Unknown thread" [_thread_in_vm, id=7328, stack(0x0000000002700000,0x0000000002800000)]

Stack: [0x0000000002700000,0x0000000002800000]
[error occurred during error reporting (printing stack bounds), id 0xc0000005]

Native frames: (J=compiled Java code, j=interpreted, Vv=VM code, C=native code)


---------------  P R O C E S S  ---------------

Java Threads: ( => current thread )

Other Threads:

=>0x0000000002a0e000 (exited) JavaThread "Unknown thread" [_thread_in_vm, id=7328, stack(0x0000000002700000,0x0000000002800000)]

VM state:not at safepoint (normal execution)

VM Mutex/Monitor currently owned by a thread: None

Heap:
 PSYoungGen      total 75264K, used 1290K [0x00000000eab00000, 0x00000000eff00000, 0x0000000100000000)
  eden space 64512K, 2% used [0x00000000eab00000,0x00000000eac42900,0x00000000eea00000)
  from space 10752K, 0% used [0x00000000ef480000,0x00000000ef480000,0x00000000eff00000)
  to   space 10752K, 0% used [0x00000000eea00000,0x00000000eea00000,0x00000000ef480000)
 ParOldGen       total 172032K, used 0K [0x00000000c0000000, 0x00000000ca800000, 0x00000000eab00000)
  object space 172032K, 0% used [0x00000000c0000000,0x00000000c0000000,0x00000000ca800000)
 Metaspace       used 767K, capacity 4480K, committed 4480K, reserved 1056768K
  class space    used 75K, capacity 384K, committed 384K, reserved 1048576K

Card table byte_map: [0x0000000011dd0000,0x0000000011fe0000] byte_map_base: 0x00000000117d0000

Marking Bits: (ParMarkBitMap*) 0x000000007760a5b0
 Begin Bits: [0x0000000012940000, 0x0000000013940000)
 End Bits:   [0x0000000013940000, 0x0000000014940000)

Polling page: 0x0000000000f70000

CodeCache: size=245760Kb used=328Kb max_used=328Kb free=245431Kb
 bounds [0x0000000002a10000, 0x0000000002c80000, 0x0000000011a10000]
 total_blobs=57 nmethods=0 adapters=37
 compilation: enabled

Compilation events (0 events):
No events

GC Heap History (0 events):
No events

Deoptimization events (0 events):
No events

Internal exceptions (0 events):
No events

Events (10 events):
Event: 0.024 loading class java/lang/Short
Event: 0.024 loading class java/lang/Short done
Event: 0.024 loading class java/lang/Integer
Event: 0.024 loading class java/lang/Integer done
Event: 0.024 loading class java/lang/Long
Event: 0.024 loading class java/lang/Long done
Event: 0.025 loading class java/lang/NullPointerException
Event: 0.025 loading class java/lang/NullPointerException done
Event: 0.025 loading class java/lang/ArithmeticException
Event: 0.025 loading class java/lang/ArithmeticException done


Dynamic libraries:
0x00007ff7f1990000 - 0x00007ff7f19c7000 	D:\Program Files\Java\jdk1.8.0_65\bin\java.exe
0x00007ffcfefc0000 - 0x00007ffcff181000 	C:\Windows\SYSTEM32\ntdll.dll
0x00007ffcfcc60000 - 0x00007ffcfcd0d000 	C:\Windows\system32\KERNEL32.DLL
0x00007ffcfbc60000 - 0x00007ffcfbe3d000 	C:\Windows\system32\KERNELBASE.dll
0x00007ffcfcd10000 - 0x00007ffcfcdb6000 	C:\Windows\system32\ADVAPI32.dll
0x00007ffcfe770000 - 0x00007ffcfe80d000 	C:\Windows\system32\msvcrt.dll
0x00007ffcfec40000 - 0x00007ffcfec9b000 	C:\Windows\system32\sechost.dll
0x00007ffcfc990000 - 0x00007ffcfcab6000 	C:\Windows\system32\RPCRT4.dll
0x00007ffcfee30000 - 0x00007ffcfef7e000 	C:\Windows\system32\USER32.dll
0x00007ffcfeca0000 - 0x00007ffcfee26000 	C:\Windows\system32\GDI32.dll
0x00007ffcee690000 - 0x00007ffcee904000 	C:\Windows\WinSxS\amd64_microsoft.windows.common-controls_6595b64144ccf1df_6.0.10240.16384_none_f41f7b285750ef43\COMCTL32.dll
0x00007ffcfef80000 - 0x00007ffcfefb6000 	C:\Windows\system32\IMM32.DLL
0x00007ffcfce40000 - 0x00007ffcfcf9c000 	C:\Windows\system32\MSCTF.dll
0x0000000050280000 - 0x0000000050352000 	D:\Program Files\Java\jdk1.8.0_65\jre\bin\msvcr100.dll
0x0000000076e00000 - 0x0000000077689000 	D:\Program Files\Java\jdk1.8.0_65\jre\bin\server\jvm.dll
0x00007ffcfcdc0000 - 0x00007ffcfcdc8000 	C:\Windows\system32\PSAPI.DLL
0x00007ffcf4550000 - 0x00007ffcf455a000 	C:\Windows\SYSTEM32\VERSION.dll
0x00007ffcf9e90000 - 0x00007ffcf9eb3000 	C:\Windows\SYSTEM32\WINMM.dll
0x00007ffcf4570000 - 0x00007ffcf4579000 	C:\Windows\SYSTEM32\WSOCK32.dll
0x00007ffcfcdd0000 - 0x00007ffcfce39000 	C:\Windows\system32\WS2_32.dll
0x00007ffcfcac0000 - 0x00007ffcfcac8000 	C:\Windows\system32\NSI.dll
0x00007ffcf9e10000 - 0x00007ffcf9e3c000 	C:\Windows\SYSTEM32\WINMMBASE.dll
0x00007ffcfc640000 - 0x00007ffcfc684000 	C:\Windows\system32\cfgmgr32.dll
0x00007ffcfa2c0000 - 0x00007ffcfa2e7000 	C:\Windows\SYSTEM32\DEVOBJ.dll
0x00000000506f0000 - 0x00000000506ff000 	D:\Program Files\Java\jdk1.8.0_65\jre\bin\verify.dll
0x00000000506c0000 - 0x00000000506e9000 	D:\Program Files\Java\jdk1.8.0_65\jre\bin\java.dll
0x00000000506a0000 - 0x00000000506b6000 	D:\Program Files\Java\jdk1.8.0_65\jre\bin\zip.dll

VM Arguments:
jvm_args: -Xmx1024M -Dfile.encoding=windows-1252 -Duser.country=US -Duser.language=en -Duser.variant 
java_command: com.android.dx.command.Main --dex --num-threads=4 --output D:\Source Code\AndroidSample\LoginDemo\app\build\intermediates\pre-dexed\debug\classes-e83f91971d64e676b2b35ed111308e1ee09dc4d0.jar D:\Source Code\AndroidSample\LoginDemo\app\build\intermediates\exploded-aar\com.android.support\support-v4\23.0.1\jars\classes.jar
java_class_path (initial): D:\Android\sdk\build-tools\23.0.1\lib\dx.jar
Launcher Type: SUN_STANDARD

Environment Variables:
PATH=C:\ProgramData\Oracle\Java\javapath;C:\Windows\system32;C:\Windows;C:\Windows\System32\Wbem;C:\Windows\System32\WindowsPowerShell\v1.0\;C:\Windows\system32\config\systemprofile\.dnx\bin;C:\Program Files\Microsoft DNX\Dnvm\;C:\Program Files\Microsoft SQL Server\120\Tools\Binn\;d:\Program Files (x86)\Git\cmd;d:\Program Files (x86)\Git\bin;D:\Program Files\nodejs\;C:\Program Files (x86)\Microsoft SQL Server\100\Tools\Binn\;C:\Program Files\Microsoft SQL Server\100\Tools\Binn\;C:\Program Files\Microsoft SQL Server\100\DTS\Binn\;C:\Program Files (x86)\MySQL\MySQL Fabric 1.5.3 & MySQL Utilities 1.5.3 1.5\;C:\Program Files (x86)\MySQL\MySQL Fabric 1.5.3 & MySQL Utilities 1.5.3 1.5\Doctrine extensions for PHP\;C:\Program Files\OpenVPN\bin;C:\Program Files (x86)\Skype\Phone\;C:\Program Files\Microsoft\Web Platform Installer\;C:\Program Files (x86)\Microsoft ASP.NET\ASP.NET Web Pages\v1.0\;C:\Program Files (x86)\Windows Kits\8.0\Windows Performance Toolkit\;C:\Program Files\Microsoft SQL Server\110\Tools\Binn\;C:\Users\Nicolashe\.dnx\bin;C:\Users\Nicolashe\AppData\Roaming\npm
USERNAME=nicolashe
OS=Windows_NT
PROCESSOR_IDENTIFIER=Intel64 Family 6 Model 58 Stepping 9, GenuineIntel



---------------  S Y S T E M  ---------------

OS: Windows 10.0 , 64 bit Build 10240 (10.0.10240.16384)

CPU:total 8 (4 cores per cpu, 2 threads per core) family 6 model 58 stepping 9, cmov, cx8, fxsr, mmx, sse, sse2, sse3, ssse3, sse4.1, sse4.2, popcnt, avx, aes, clmul, erms, ht, tsc, tscinvbit, tscinv

Memory: 4k page, physical 16461604k(3028816k free), swap 16461604k(5776k free)

vm_info: Java HotSpot(TM) 64-Bit Server VM (25.65-b01) for windows-amd64 JRE (1.8.0_65-b17), built on Oct  6 2015 16:39:20 by "java_re" with MS VC++ 10.0 (VS2010)

time: Thu Jan 28 17:18:30 2016
elapsed time: 0 seconds (0d 0h 0m 0s)

